<?xml version="1.0" encoding="UTF-8"?>
<!-- Generated by org.testng.reporters.JUnitXMLReporter -->
<testsuite ignored="0" hostname="Tanveer" failures="0" tests="3" name="Default test" time="2.298" errors="0" timestamp="2024-03-19T22:20:39 IST">
  <testcase classname="com.ecom.project.test.IndexTest" name="checkCurrency" time="1.01"/>
  <testcase classname="com.ecom.project.test.IndexTest" name="verifySiteMapPage" time="0.553"/>
  <testcase classname="com.ecom.project.test.IndexTest" name="verifyShipAndReturnsPage" time="0.508"/>
</testsuite> <!-- Default test -->
