<?xml version="1.0" encoding="UTF-8"?>
<testng-results ignored="0" total="3" passed="3" failed="0" skipped="0">
  <reporter-output>
  </reporter-output>
  <suite started-at="2024-03-19T22:20:36 IST" name="Default suite" finished-at="2024-03-19T22:20:38 IST" duration-ms="2298">
    <groups>
    </groups>
    <test started-at="2024-03-19T22:20:36 IST" name="Default test" finished-at="2024-03-19T22:20:38 IST" duration-ms="2298">
      <class name="com.ecom.project.test.IndexTest">
        <test-method signature="checkCurrency()[pri:1, instance:com.ecom.project.test.IndexTest@6e0c6a7a]" started-at="2024-03-19T22:20:36 IST" name="checkCurrency" finished-at="2024-03-19T22:20:37 IST" duration-ms="1010" status="PASS">
          <reporter-output>
          </reporter-output>
        </test-method> <!-- checkCurrency -->
        <test-method signature="verifySiteMapPage()[pri:2, instance:com.ecom.project.test.IndexTest@6e0c6a7a]" started-at="2024-03-19T22:20:37 IST" name="verifySiteMapPage" finished-at="2024-03-19T22:20:38 IST" duration-ms="553" status="PASS">
          <reporter-output>
          </reporter-output>
        </test-method> <!-- verifySiteMapPage -->
        <test-method signature="verifyShipAndReturnsPage()[pri:3, instance:com.ecom.project.test.IndexTest@6e0c6a7a]" started-at="2024-03-19T22:20:38 IST" name="verifyShipAndReturnsPage" finished-at="2024-03-19T22:20:38 IST" duration-ms="508" status="PASS">
          <reporter-output>
          </reporter-output>
        </test-method> <!-- verifyShipAndReturnsPage -->
      </class> <!-- com.ecom.project.test.IndexTest -->
    </test> <!-- Default test -->
  </suite> <!-- Default suite -->
</testng-results>
